Performing C SOURCE FILE Test CMAKE_HAVE_LIBC_PTHREAD failed with the following output:
Change Dir: G:/Fork/graphics-programming-2023/out/build/x64-Debug/CMakeFiles/CMakeTmp

Run Build Command(s):I:\VSSTUDIO\COMMON7\IDE\COMMONEXTENSIONS\MICROSOFT\CMAKE\Ninja\ninja.exe cmTC_65273 && [1/2] Building C object CMakeFiles\cmTC_65273.dir\src.c.obj
FAILED: CMakeFiles/cmTC_65273.dir/src.c.obj 
I:\VSStudio\VC\Tools\MSVC\14.34.31933\bin\Hostx64\x64\cl.exe  /nologo -DCMAKE_HAVE_LIBC_PTHREAD  /DWIN32 /D_WINDOWS /W3  /MDd /Zi /Ob0 /Od /RTC1 /showIncludes /FoCMakeFiles\cmTC_65273.dir\src.c.obj /FdCMakeFiles\cmTC_65273.dir\ /FS -c G:\Fork\graphics-programming-2023\out\build\x64-Debug\CMakeFiles\CMakeTmp\src.c
G:\Fork\graphics-programming-2023\out\build\x64-Debug\CMakeFiles\CMakeTmp\src.c(1): fatal error C1083: 无法打开包括文件: “pthread.h”: No such file or directory
ninja: build stopped: subcommand failed.


Source file was:
#include <pthread.h>

static void* test_func(void* data)
{
  return data;
}

int main(void)
{
  pthread_t thread;
  pthread_create(&thread, NULL, test_func, NULL);
  pthread_detach(thread);
  pthread_cancel(thread);
  pthread_join(thread, NULL);
  pthread_atfork(NULL, NULL, NULL);
  pthread_exit(NULL);

  return 0;
}

Determining if the function pthread_create exists in the pthreads failed with the following output:
Change Dir: G:/Fork/graphics-programming-2023/out/build/x64-Debug/CMakeFiles/CMakeTmp

Run Build Command(s):I:\VSSTUDIO\COMMON7\IDE\COMMONEXTENSIONS\MICROSOFT\CMAKE\Ninja\ninja.exe cmTC_9c368 && [1/2] Building C object CMakeFiles\cmTC_9c368.dir\CheckFunctionExists.c.obj
[2/2] Linking C executable cmTC_9c368.exe
FAILED: cmTC_9c368.exe 
cmd.exe /C "cd . && I:\VSStudio\Common7\IDE\CommonExtensions\Microsoft\CMake\CMake\bin\cmake.exe -E vs_link_exe --intdir=CMakeFiles\cmTC_9c368.dir --rc=I:\WINDOW~1\10\bin\100220~1.0\x64\rc.exe --mt=I:\WINDOW~1\10\bin\100220~1.0\x64\mt.exe --manifests  -- I:\VSStudio\VC\Tools\MSVC\14.34.31933\bin\Hostx64\x64\link.exe /nologo CMakeFiles\cmTC_9c368.dir\CheckFunctionExists.c.obj  /out:cmTC_9c368.exe /implib:cmTC_9c368.lib /pdb:cmTC_9c368.pdb /version:0.0 /machine:x64  /debug /INCREMENTAL /subsystem:console  pthreads.lib  kernel32.lib user32.lib gdi32.lib winspool.lib shell32.lib ole32.lib oleaut32.lib uuid.lib comdlg32.lib advapi32.lib && cd ."
LINK Pass 1: command "I:\VSStudio\VC\Tools\MSVC\14.34.31933\bin\Hostx64\x64\link.exe /nologo CMakeFiles\cmTC_9c368.dir\CheckFunctionExists.c.obj /out:cmTC_9c368.exe /implib:cmTC_9c368.lib /pdb:cmTC_9c368.pdb /version:0.0 /machine:x64 /debug /INCREMENTAL /subsystem:console pthreads.lib kernel32.lib user32.lib gdi32.lib winspool.lib shell32.lib ole32.lib oleaut32.lib uuid.lib comdlg32.lib advapi32.lib /MANIFEST /MANIFESTFILE:CMakeFiles\cmTC_9c368.dir/intermediate.manifest CMakeFiles\cmTC_9c368.dir/manifest.res" failed (exit code 1104) with the following output:
LINK : fatal error LNK1104: 无法打开文件“pthreads.lib”
ninja: build stopped: subcommand failed.



Determining if the function pthread_create exists in the pthread failed with the following output:
Change Dir: G:/Fork/graphics-programming-2023/out/build/x64-Debug/CMakeFiles/CMakeTmp

Run Build Command(s):I:\VSSTUDIO\COMMON7\IDE\COMMONEXTENSIONS\MICROSOFT\CMAKE\Ninja\ninja.exe cmTC_ad083 && [1/2] Building C object CMakeFiles\cmTC_ad083.dir\CheckFunctionExists.c.obj
[2/2] Linking C executable cmTC_ad083.exe
FAILED: cmTC_ad083.exe 
cmd.exe /C "cd . && I:\VSStudio\Common7\IDE\CommonExtensions\Microsoft\CMake\CMake\bin\cmake.exe -E vs_link_exe --intdir=CMakeFiles\cmTC_ad083.dir --rc=I:\WINDOW~1\10\bin\100220~1.0\x64\rc.exe --mt=I:\WINDOW~1\10\bin\100220~1.0\x64\mt.exe --manifests  -- I:\VSStudio\VC\Tools\MSVC\14.34.31933\bin\Hostx64\x64\link.exe /nologo CMakeFiles\cmTC_ad083.dir\CheckFunctionExists.c.obj  /out:cmTC_ad083.exe /implib:cmTC_ad083.lib /pdb:cmTC_ad083.pdb /version:0.0 /machine:x64  /debug /INCREMENTAL /subsystem:console  pthread.lib  kernel32.lib user32.lib gdi32.lib winspool.lib shell32.lib ole32.lib oleaut32.lib uuid.lib comdlg32.lib advapi32.lib && cd ."
LINK Pass 1: command "I:\VSStudio\VC\Tools\MSVC\14.34.31933\bin\Hostx64\x64\link.exe /nologo CMakeFiles\cmTC_ad083.dir\CheckFunctionExists.c.obj /out:cmTC_ad083.exe /implib:cmTC_ad083.lib /pdb:cmTC_ad083.pdb /version:0.0 /machine:x64 /debug /INCREMENTAL /subsystem:console pthread.lib kernel32.lib user32.lib gdi32.lib winspool.lib shell32.lib ole32.lib oleaut32.lib uuid.lib comdlg32.lib advapi32.lib /MANIFEST /MANIFESTFILE:CMakeFiles\cmTC_ad083.dir/intermediate.manifest CMakeFiles\cmTC_ad083.dir/manifest.res" failed (exit code 1104) with the following output:
LINK : fatal error LNK1104: 无法打开文件“pthread.lib”
ninja: build stopped: subcommand failed.



